[2024-11-28 13:15:25,591][MainThread:36776][task_id:main_src][src.py:121][INFO][已清除]
[2024-11-28 13:15:31,217][MainThread:36776][task_id:main_src][src.py:121][INFO][已清除]
[2024-11-28 13:15:33,402][MainThread:36776][task_id:main_src][src.py:121][INFO][已清除]
[2024-11-28 13:15:34,717][MainThread:36776][task_id:main_src][src.py:121][INFO][已清除]
[2024-11-28 13:15:36,335][MainThread:36776][task_id:main_src][src.py:128][WARNING][不能清除]
[2024-11-28 13:15:39,135][MainThread:36776][task_id:main_src][src.py:121][INFO][已清除]
[2024-11-28 13:18:44,582][MainThread:30652][task_id:main_src][src.py:129][WARNING][不能清除]
[2024-11-28 13:18:56,513][MainThread:30652][task_id:main_src][src.py:129][WARNING][不能清除]
[2024-11-28 13:19:08,660][MainThread:30652][task_id:main_src][src.py:122][INFO][已清除]
[2024-11-28 13:19:09,985][MainThread:30652][task_id:main_src][src.py:122][INFO][已清除]
[2024-11-28 13:19:11,397][MainThread:30652][task_id:main_src][src.py:129][WARNING][不能清除]
[2024-11-28 13:19:12,532][MainThread:30652][task_id:main_src][src.py:129][WARNING][不能清除]
[2024-11-28 13:19:13,920][MainThread:30652][task_id:main_src][src.py:122][INFO][已清除]
[2024-11-28 13:19:15,438][MainThread:30652][task_id:main_src][src.py:129][WARNING][不能清除]
[2024-11-28 13:19:16,724][MainThread:30652][task_id:main_src][src.py:129][WARNING][不能清除]
[2024-11-28 13:19:17,418][MainThread:30652][task_id:main_src][src.py:129][WARNING][不能清除]
[2024-11-28 13:19:18,314][MainThread:30652][task_id:main_src][src.py:129][WARNING][不能清除]
[2024-11-28 13:19:19,605][MainThread:30652][task_id:main_src][src.py:122][INFO][已清除]
[2024-11-28 13:19:22,578][MainThread:30652][task_id:main_src][src.py:129][WARNING][不能清除]
[2024-11-28 13:19:23,692][MainThread:30652][task_id:main_src][src.py:129][WARNING][不能清除]
[2024-11-28 13:19:24,886][MainThread:30652][task_id:main_src][src.py:129][WARNING][不能清除]
[2024-11-28 13:19:26,127][MainThread:30652][task_id:main_src][src.py:129][WARNING][不能清除]
[2024-11-28 13:19:27,237][MainThread:30652][task_id:main_src][src.py:122][INFO][已清除]
[2024-11-28 13:19:30,123][MainThread:30652][task_id:main_src][src.py:129][WARNING][不能清除]
[2024-11-28 13:19:30,906][MainThread:30652][task_id:main_src][src.py:129][WARNING][不能清除]
[2024-11-28 13:19:31,606][MainThread:30652][task_id:main_src][src.py:129][WARNING][不能清除]
[2024-11-28 13:19:32,642][MainThread:30652][task_id:main_src][src.py:129][WARNING][不能清除]
[2024-11-28 13:19:34,379][MainThread:30652][task_id:main_src][src.py:129][WARNING][不能清除]
[2024-11-28 13:19:36,157][MainThread:30652][task_id:main_src][src.py:129][WARNING][不能清除]
[2024-11-28 13:19:37,478][MainThread:30652][task_id:main_src][src.py:122][INFO][已清除]
[2024-11-28 13:22:55,276][MainThread:35736][task_id:main_src][src.py:130][WARNING][不能清除]
[2024-11-28 13:25:40,800][MainThread:35956][task_id:main_src][src.py:129][WARNING][第24和第35不能清除]
[2024-11-28 13:26:36,400][MainThread:35956][task_id:main_src][src.py:129][WARNING][第56和第46不能清除]
[2024-11-28 13:26:40,131][MainThread:35956][task_id:main_src][src.py:90][INFO][用户已退出]
[2024-11-28 13:26:51,326][MainThread:10376][task_id:main_src][src.py:129][WARNING][第14个图片和第25个图片不能清除]
[2024-11-28 13:26:54,999][MainThread:10376][task_id:main_src][src.py:122][INFO][第15个图片和第25个图片已清除]
[2024-11-28 13:26:56,339][MainThread:10376][task_id:main_src][src.py:122][INFO][第5个图片和第6个图片已清除]
[2024-11-28 13:26:59,060][MainThread:10376][task_id:main_src][src.py:122][INFO][第26个图片和第27个图片已清除]
[2024-11-28 13:32:21,095][MainThread:37540][task_id:main_src][src.py:129][WARNING][第6个图片和第15个图片不能清除]
[2024-11-28 13:32:23,564][MainThread:37540][task_id:main_src][src.py:122][INFO][第26个图片和第27个图片已清除]
[2024-11-28 13:32:24,745][MainThread:37540][task_id:main_src][src.py:129][WARNING][第37个图片和第28个图片不能清除]
[2024-11-28 13:32:25,929][MainThread:37540][task_id:main_src][src.py:129][WARNING][第29个图片和第18个图片不能清除]
[2024-11-28 13:32:27,123][MainThread:37540][task_id:main_src][src.py:129][WARNING][第16个图片和第14个图片不能清除]
[2024-11-28 13:32:27,606][MainThread:37540][task_id:main_src][src.py:129][WARNING][第33个图片和第43个图片不能清除]
[2024-11-28 13:32:28,189][MainThread:37540][task_id:main_src][src.py:129][WARNING][第45个图片和第53个图片不能清除]
[2024-11-28 13:32:28,741][MainThread:37540][task_id:main_src][src.py:129][WARNING][第53个图片和第55个图片不能清除]
[2024-11-28 13:32:29,234][MainThread:37540][task_id:main_src][src.py:122][INFO][第54个图片和第53个图片已清除]
[2024-11-28 13:32:29,709][MainThread:37540][task_id:main_src][src.py:129][WARNING][第62个图片和第63个图片不能清除]
[2024-11-28 13:32:30,475][MainThread:37540][task_id:main_src][src.py:129][WARNING][第65个图片和第32个图片不能清除]
[2024-11-28 13:32:31,233][MainThread:37540][task_id:main_src][src.py:129][WARNING][第23个图片和第22个图片不能清除]
[2024-11-28 13:32:31,981][MainThread:37540][task_id:main_src][src.py:129][WARNING][第13个图片和第2个图片不能清除]
[2024-11-28 13:32:32,617][MainThread:37540][task_id:main_src][src.py:129][WARNING][第11个图片和第12个图片不能清除]
[2024-11-28 13:32:33,215][MainThread:37540][task_id:main_src][src.py:129][WARNING][第22个图片和第31个图片不能清除]
[2024-11-28 13:32:33,943][MainThread:37540][task_id:main_src][src.py:129][WARNING][第42个图片和第51个图片不能清除]
[2024-11-28 13:32:34,599][MainThread:37540][task_id:main_src][src.py:122][INFO][第51个图片和第61个图片已清除]
[2024-11-28 13:32:35,365][MainThread:37540][task_id:main_src][src.py:122][INFO][第63个图片和第64个图片已清除]
[2024-11-28 13:32:36,022][MainThread:37540][task_id:main_src][src.py:129][WARNING][第74个图片和第76个图片不能清除]
[2024-11-28 13:32:36,634][MainThread:37540][task_id:main_src][src.py:122][INFO][第66个图片和第76个图片已清除]
[2024-11-28 13:32:37,233][MainThread:37540][task_id:main_src][src.py:122][INFO][第57个图片和第58个图片已清除]
[2024-11-28 13:32:37,784][MainThread:37540][task_id:main_src][src.py:122][INFO][第68个图片和第69个图片已清除]
[2024-11-28 13:57:08,208][MainThread:35308][task_id:main_src][src.py:183][INFO][时间到，游戏结束]
[2024-11-30 14:02:17,348][MainThread:36908][task_id:main_src][src.py:135][INFO][第28个图片和第38个图片已清除]
[2024-11-30 14:02:19,238][MainThread:36908][task_id:main_src][src.py:103][INFO][用户已退出]
[2024-12-05 17:04:43,844][MainThread:99772][task_id:main_src][src.py:135][INFO][第36个图片和第35个图片已清除]
[2024-12-05 17:04:45,216][MainThread:99772][task_id:main_src][src.py:135][INFO][第26个图片和第34个图片已清除]
[2024-12-05 17:04:46,536][MainThread:99772][task_id:main_src][src.py:135][INFO][第33个图片和第23个图片已清除]
[2024-12-05 17:04:47,960][MainThread:99772][task_id:main_src][src.py:135][INFO][第53个图片和第63个图片已清除]
[2024-12-05 17:04:48,965][MainThread:99772][task_id:main_src][src.py:135][INFO][第55个图片和第65个图片已清除]
[2024-12-05 17:04:49,829][MainThread:99772][task_id:main_src][src.py:135][INFO][第45个图片和第66个图片已清除]
[2024-12-05 17:04:50,371][MainThread:99772][task_id:main_src][src.py:135][INFO][第56个图片和第46个图片已清除]
[2024-12-05 17:06:01,569][MainThread:100984][task_id:main_src][src.py:135][INFO][第56个图片和第66个图片已清除]
[2024-12-05 17:06:02,840][MainThread:100984][task_id:main_src][src.py:135][INFO][第55个图片和第57个图片已清除]
[2024-12-05 17:06:04,765][MainThread:100984][task_id:main_src][src.py:142][WARNING][第65个图片和第77个图片不能清除]
[2024-12-05 17:06:06,205][MainThread:100984][task_id:main_src][src.py:135][INFO][第67个图片和第47个图片已清除]
[2024-12-05 17:06:08,580][MainThread:100984][task_id:main_src][src.py:135][INFO][第27个图片和第28个图片已清除]
[2024-12-05 17:06:09,332][MainThread:100984][task_id:main_src][src.py:135][INFO][第18个图片和第38个图片已清除]
[2024-12-05 17:06:11,373][MainThread:100984][task_id:main_src][src.py:135][INFO][第8个图片和第9个图片已清除]
[2024-12-05 17:10:05,809][MainThread:95836][task_id:main_src][src.py:134][INFO][第45个图片和第46个图片已清除]
[2024-12-05 17:10:06,403][MainThread:95836][task_id:main_src][src.py:134][INFO][第36个图片和第35个图片已清除]
[2024-12-05 17:16:19,698][MainThread:85260][task_id:main_src][src.py:136][INFO][第33个图片和第43个图片已清除]
[2024-12-05 17:16:20,397][MainThread:85260][task_id:main_src][src.py:136][INFO][第32个图片和第42个图片已清除]
[2024-12-05 17:16:21,220][MainThread:85260][task_id:main_src][src.py:143][WARNING][第52个图片和第41个图片不能清除]
[2024-12-05 17:16:21,904][MainThread:85260][task_id:main_src][src.py:136][INFO][第41个图片和第40个图片已清除]
[2024-12-05 17:17:01,405][MainThread:25320][task_id:main_src][src.py:136][INFO][第23个图片和第24个图片已清除]
[2024-12-05 17:17:02,043][MainThread:25320][task_id:main_src][src.py:136][INFO][第34个图片和第25个图片已清除]
[2024-12-05 17:17:02,722][MainThread:25320][task_id:main_src][src.py:136][INFO][第15个图片和第26个图片已清除]
[2024-12-05 17:17:03,311][MainThread:25320][task_id:main_src][src.py:136][INFO][第27个图片和第28个图片已清除]
[2024-12-05 17:17:04,162][MainThread:25320][task_id:main_src][src.py:143][WARNING][第37个图片和第36个图片不能清除]
[2024-12-05 17:17:04,873][MainThread:25320][task_id:main_src][src.py:136][INFO][第36个图片和第38个图片已清除]
[2024-12-05 17:17:05,553][MainThread:25320][task_id:main_src][src.py:136][INFO][第29个图片和第19个图片已清除]
[2024-12-30 14:48:19,090][MainThread:29640][task_id:main_src][src.py:135][INFO][第27个图片和第37个图片已清除]
[2024-12-30 14:48:20,207][MainThread:29640][task_id:main_src][src.py:135][INFO][第26个图片和第36个图片已清除]
